{"D:\\repositories\\@Hacktiv8\\final-project\\server\\index.js": {"path":"D:\\repositories\\@Hacktiv8\\final-project\\server\\index.js","statementMap":{"0":{"start":{"line":1,"column":0},"end":{"line":3,"column":1}},"1":{"start":{"line":2,"column":4},"end":{"line":2,"column":30}},"2":{"start":{"line":5,"column":13},"end":{"line":5,"column":28}},"3":{"start":{"line":6,"column":16},"end":{"line":6,"column":34}},"4":{"start":{"line":8,"column":19},"end":{"line":8,"column":39}},"5":{"start":{"line":9,"column":21},"end":{"line":9,"column":57}},"6":{"start":{"line":10,"column":12},"end":{"line":10,"column":21}},"7":{"start":{"line":12,"column":0},"end":{"line":12,"column":16}},"8":{"start":{"line":13,"column":0},"end":{"line":13,"column":48}},"9":{"start":{"line":14,"column":0},"end":{"line":14,"column":24}},"10":{"start":{"line":17,"column":0},"end":{"line":17,"column":20}},"11":{"start":{"line":19,"column":0},"end":{"line":19,"column":21}},"12":{"start":{"line":21,"column":0},"end":{"line":21,"column":20}}},"fnMap":{},"branchMap":{"0":{"loc":{"start":{"line":1,"column":0},"end":{"line":3,"column":1}},"type":"if","locations":[{"start":{"line":1,"column":0},"end":{"line":3,"column":1}},{"start":{},"end":{}}],"line":1}},"s":{"0":4,"1":4,"2":4,"3":4,"4":4,"5":4,"6":4,"7":4,"8":4,"9":4,"10":4,"11":4,"12":4},"f":{},"b":{"0":[4,0]},"_coverageSchema":"1a1c01bbd47fc00a2c39e90264f33305004495a9","hash":"cc706e9bb9a4fb57a39b51b5b36bb9759ad44268"}
,"D:\\repositories\\@Hacktiv8\\final-project\\server\\controllers\\FeedbackController.js": {"path":"D:\\repositories\\@Hacktiv8\\final-project\\server\\controllers\\FeedbackController.js","statementMap":{"0":{"start":{"line":1,"column":24},"end":{"line":1,"column":48}},"1":{"start":{"line":2,"column":21},"end":{"line":2,"column":41}},"2":{"start":{"line":3,"column":11},"end":{"line":3,"column":62}},"3":{"start":{"line":7,"column":4},"end":{"line":106,"column":5}},"4":{"start":{"line":8,"column":23},"end":{"line":8,"column":33}},"5":{"start":{"line":9,"column":21},"end":{"line":9,"column":29}},"6":{"start":{"line":12,"column":6},"end":{"line":85,"column":7}},"7":{"start":{"line":13,"column":27},"end":{"line":13,"column":58}},"8":{"start":{"line":14,"column":36},"end":{"line":16,"column":21}},"9":{"start":{"line":15,"column":25},"end":{"line":15,"column":58}},"10":{"start":{"line":18,"column":8},"end":{"line":49,"column":11}},"11":{"start":{"line":50,"column":13},"end":{"line":85,"column":7}},"12":{"start":{"line":51,"column":28},"end":{"line":51,"column":36}},"13":{"start":{"line":53,"column":8},"end":{"line":82,"column":11}},"14":{"start":{"line":83,"column":13},"end":{"line":85,"column":7}},"15":{"start":{"line":86,"column":27},"end":{"line":86,"column":40}},"16":{"start":{"line":87,"column":30},"end":{"line":87,"column":77}},"17":{"start":{"line":88,"column":25},"end":{"line":88,"column":52}},"18":{"start":{"line":89,"column":29},"end":{"line":89,"column":56}},"19":{"start":{"line":91,"column":8},"end":{"line":92,"column":42}},"20":{"start":{"line":91,"column":55},"end":{"line":91,"column":60}},"21":{"start":{"line":94,"column":23},"end":{"line":102,"column":8}},"22":{"start":{"line":103,"column":6},"end":{"line":103,"column":37}},"23":{"start":{"line":105,"column":6},"end":{"line":105,"column":18}},"24":{"start":{"line":109,"column":4},"end":{"line":118,"column":5}},"25":{"start":{"line":110,"column":21},"end":{"line":110,"column":29}},"26":{"start":{"line":111,"column":23},"end":{"line":114,"column":8}},"27":{"start":{"line":115,"column":6},"end":{"line":115,"column":37}},"28":{"start":{"line":117,"column":6},"end":{"line":117,"column":18}},"29":{"start":{"line":121,"column":4},"end":{"line":133,"column":5}},"30":{"start":{"line":122,"column":21},"end":{"line":122,"column":31}},"31":{"start":{"line":123,"column":23},"end":{"line":123,"column":50}},"32":{"start":{"line":124,"column":6},"end":{"line":129,"column":7}},"33":{"start":{"line":125,"column":8},"end":{"line":128,"column":10}},"34":{"start":{"line":130,"column":6},"end":{"line":130,"column":37}},"35":{"start":{"line":132,"column":6},"end":{"line":132,"column":18}},"36":{"start":{"line":137,"column":0},"end":{"line":137,"column":36}}},"fnMap":{"0":{"name":"(anonymous_0)","decl":{"start":{"line":6,"column":2},"end":{"line":6,"column":3}},"loc":{"start":{"line":6,"column":48},"end":{"line":107,"column":3}},"line":6},"1":{"name":"(anonymous_1)","decl":{"start":{"line":15,"column":15},"end":{"line":15,"column":16}},"loc":{"start":{"line":15,"column":25},"end":{"line":15,"column":58}},"line":15},"2":{"name":"(anonymous_2)","decl":{"start":{"line":91,"column":45},"end":{"line":91,"column":46}},"loc":{"start":{"line":91,"column":55},"end":{"line":91,"column":60}},"line":91},"3":{"name":"(anonymous_3)","decl":{"start":{"line":108,"column":2},"end":{"line":108,"column":3}},"loc":{"start":{"line":108,"column":43},"end":{"line":119,"column":3}},"line":108},"4":{"name":"(anonymous_4)","decl":{"start":{"line":120,"column":2},"end":{"line":120,"column":3}},"loc":{"start":{"line":120,"column":47},"end":{"line":134,"column":3}},"line":120}},"branchMap":{"0":{"loc":{"start":{"line":12,"column":6},"end":{"line":85,"column":7}},"type":"if","locations":[{"start":{"line":12,"column":6},"end":{"line":85,"column":7}},{"start":{"line":50,"column":13},"end":{"line":85,"column":7}}],"line":12},"1":{"loc":{"start":{"line":50,"column":13},"end":{"line":85,"column":7}},"type":"if","locations":[{"start":{"line":50,"column":13},"end":{"line":85,"column":7}},{"start":{"line":83,"column":13},"end":{"line":85,"column":7}}],"line":50},"2":{"loc":{"start":{"line":83,"column":13},"end":{"line":85,"column":7}},"type":"if","locations":[{"start":{"line":83,"column":13},"end":{"line":85,"column":7}},{"start":{},"end":{}}],"line":83},"3":{"loc":{"start":{"line":124,"column":6},"end":{"line":129,"column":7}},"type":"if","locations":[{"start":{"line":124,"column":6},"end":{"line":129,"column":7}},{"start":{},"end":{}}],"line":124}},"s":{"0":4,"1":4,"2":4,"3":0,"4":0,"5":0,"6":0,"7":0,"8":0,"9":0,"10":0,"11":0,"12":0,"13":0,"14":0,"15":0,"16":0,"17":0,"18":0,"19":0,"20":0,"21":0,"22":0,"23":0,"24":0,"25":0,"26":0,"27":0,"28":0,"29":0,"30":0,"31":0,"32":0,"33":0,"34":0,"35":0,"36":4},"f":{"0":0,"1":0,"2":0,"3":0,"4":0},"b":{"0":[0,0],"1":[0,0],"2":[0,0],"3":[0,0]},"_coverageSchema":"1a1c01bbd47fc00a2c39e90264f33305004495a9","hash":"097dfee9fc9ad65373be141a98c70f0659bcc704"}
,"D:\\repositories\\@Hacktiv8\\final-project\\server\\controllers\\UserController.js": {"path":"D:\\repositories\\@Hacktiv8\\final-project\\server\\controllers\\UserController.js","statementMap":{"0":{"start":{"line":1,"column":15},"end":{"line":1,"column":35}},"1":{"start":{"line":2,"column":17},"end":{"line":2,"column":37}},"2":{"start":{"line":3,"column":42},"end":{"line":3,"column":70}},"3":{"start":{"line":4,"column":22},"end":{"line":4,"column":47}},"4":{"start":{"line":5,"column":24},"end":{"line":5,"column":48}},"5":{"start":{"line":6,"column":11},"end":{"line":6,"column":81}},"6":{"start":{"line":11,"column":8},"end":{"line":63,"column":9}},"7":{"start":{"line":12,"column":45},"end":{"line":12,"column":53}},"8":{"start":{"line":13,"column":12},"end":{"line":18,"column":13}},"9":{"start":{"line":14,"column":16},"end":{"line":17,"column":17}},"10":{"start":{"line":20,"column":12},"end":{"line":25,"column":13}},"11":{"start":{"line":21,"column":16},"end":{"line":24,"column":17}},"12":{"start":{"line":27,"column":25},"end":{"line":31,"column":14}},"13":{"start":{"line":33,"column":12},"end":{"line":38,"column":13}},"14":{"start":{"line":34,"column":16},"end":{"line":37,"column":17}},"15":{"start":{"line":40,"column":36},"end":{"line":40,"column":82}},"16":{"start":{"line":42,"column":12},"end":{"line":47,"column":13}},"17":{"start":{"line":43,"column":16},"end":{"line":46,"column":17}},"18":{"start":{"line":49,"column":44},"end":{"line":49,"column":48}},"19":{"start":{"line":50,"column":32},"end":{"line":54,"column":14}},"20":{"start":{"line":56,"column":12},"end":{"line":60,"column":14}},"21":{"start":{"line":62,"column":12},"end":{"line":62,"column":23}},"22":{"start":{"line":67,"column":8},"end":{"line":112,"column":9}},"23":{"start":{"line":68,"column":56},"end":{"line":68,"column":64}},"24":{"start":{"line":69,"column":12},"end":{"line":74,"column":13}},"25":{"start":{"line":70,"column":16},"end":{"line":73,"column":17}},"26":{"start":{"line":76,"column":12},"end":{"line":81,"column":13}},"27":{"start":{"line":77,"column":16},"end":{"line":80,"column":17}},"28":{"start":{"line":83,"column":12},"end":{"line":88,"column":13}},"29":{"start":{"line":84,"column":16},"end":{"line":87,"column":17}},"30":{"start":{"line":90,"column":12},"end":{"line":95,"column":13}},"31":{"start":{"line":91,"column":16},"end":{"line":94,"column":17}},"32":{"start":{"line":96,"column":35},"end":{"line":96,"column":63}},"33":{"start":{"line":97,"column":28},"end":{"line":102,"column":14}},"34":{"start":{"line":104,"column":12},"end":{"line":109,"column":14}},"35":{"start":{"line":111,"column":12},"end":{"line":111,"column":23}},"36":{"start":{"line":116,"column":8},"end":{"line":136,"column":9}},"37":{"start":{"line":117,"column":27},"end":{"line":117,"column":35}},"38":{"start":{"line":119,"column":25},"end":{"line":121,"column":14}},"39":{"start":{"line":123,"column":12},"end":{"line":133,"column":15}},"40":{"start":{"line":135,"column":12},"end":{"line":135,"column":24}},"41":{"start":{"line":140,"column":0},"end":{"line":140,"column":31}}},"fnMap":{"0":{"name":"(anonymous_0)","decl":{"start":{"line":10,"column":4},"end":{"line":10,"column":5}},"loc":{"start":{"line":10,"column":39},"end":{"line":64,"column":5}},"line":10},"1":{"name":"(anonymous_1)","decl":{"start":{"line":66,"column":4},"end":{"line":66,"column":5}},"loc":{"start":{"line":66,"column":42},"end":{"line":113,"column":5}},"line":66},"2":{"name":"(anonymous_2)","decl":{"start":{"line":115,"column":4},"end":{"line":115,"column":5}},"loc":{"start":{"line":115,"column":44},"end":{"line":137,"column":5}},"line":115}},"branchMap":{"0":{"loc":{"start":{"line":13,"column":12},"end":{"line":18,"column":13}},"type":"if","locations":[{"start":{"line":13,"column":12},"end":{"line":18,"column":13}},{"start":{},"end":{}}],"line":13},"1":{"loc":{"start":{"line":20,"column":12},"end":{"line":25,"column":13}},"type":"if","locations":[{"start":{"line":20,"column":12},"end":{"line":25,"column":13}},{"start":{},"end":{}}],"line":20},"2":{"loc":{"start":{"line":33,"column":12},"end":{"line":38,"column":13}},"type":"if","locations":[{"start":{"line":33,"column":12},"end":{"line":38,"column":13}},{"start":{},"end":{}}],"line":33},"3":{"loc":{"start":{"line":42,"column":12},"end":{"line":47,"column":13}},"type":"if","locations":[{"start":{"line":42,"column":12},"end":{"line":47,"column":13}},{"start":{},"end":{}}],"line":42},"4":{"loc":{"start":{"line":69,"column":12},"end":{"line":74,"column":13}},"type":"if","locations":[{"start":{"line":69,"column":12},"end":{"line":74,"column":13}},{"start":{},"end":{}}],"line":69},"5":{"loc":{"start":{"line":76,"column":12},"end":{"line":81,"column":13}},"type":"if","locations":[{"start":{"line":76,"column":12},"end":{"line":81,"column":13}},{"start":{},"end":{}}],"line":76},"6":{"loc":{"start":{"line":83,"column":12},"end":{"line":88,"column":13}},"type":"if","locations":[{"start":{"line":83,"column":12},"end":{"line":88,"column":13}},{"start":{},"end":{}}],"line":83},"7":{"loc":{"start":{"line":90,"column":12},"end":{"line":95,"column":13}},"type":"if","locations":[{"start":{"line":90,"column":12},"end":{"line":95,"column":13}},{"start":{},"end":{}}],"line":90}},"s":{"0":4,"1":4,"2":4,"3":4,"4":4,"5":4,"6":5,"7":5,"8":5,"9":1,"10":4,"11":1,"12":3,"13":3,"14":1,"15":2,"16":2,"17":1,"18":1,"19":1,"20":1,"21":4,"22":5,"23":5,"24":5,"25":1,"26":4,"27":1,"28":3,"29":1,"30":2,"31":1,"32":1,"33":1,"34":1,"35":4,"36":1,"37":1,"38":1,"39":1,"40":0,"41":4},"f":{"0":5,"1":5,"2":1},"b":{"0":[1,4],"1":[1,3],"2":[1,2],"3":[1,1],"4":[1,4],"5":[1,3],"6":[1,2],"7":[1,1]},"_coverageSchema":"1a1c01bbd47fc00a2c39e90264f33305004495a9","hash":"5b486387dff866a14b6cc445bee8417eb8eb7045"}
,"D:\\repositories\\@Hacktiv8\\final-project\\server\\controllers\\controller.js": {"path":"D:\\repositories\\@Hacktiv8\\final-project\\server\\controllers\\controller.js","statementMap":{"0":{"start":{"line":1,"column":0},"end":{"line":1,"column":27}},"1":{"start":{"line":2,"column":24},"end":{"line":2,"column":48}},"2":{"start":{"line":3,"column":32},"end":{"line":3,"column":52}},"3":{"start":{"line":5,"column":11},"end":{"line":5,"column":80}},"4":{"start":{"line":9,"column":4},"end":{"line":53,"column":5}},"5":{"start":{"line":10,"column":23},"end":{"line":19,"column":8}},"6":{"start":{"line":21,"column":6},"end":{"line":23,"column":7}},"7":{"start":{"line":22,"column":8},"end":{"line":22,"column":89}},"8":{"start":{"line":25,"column":6},"end":{"line":25,"column":51}},"9":{"start":{"line":27,"column":6},"end":{"line":50,"column":7}},"10":{"start":{"line":28,"column":36},"end":{"line":28,"column":56}},"11":{"start":{"line":29,"column":36},"end":{"line":29,"column":134}},"12":{"start":{"line":30,"column":37},"end":{"line":30,"column":129}},"13":{"start":{"line":31,"column":33},"end":{"line":31,"column":60}},"14":{"start":{"line":33,"column":30},"end":{"line":33,"column":58}},"15":{"start":{"line":34,"column":26},"end":{"line":38,"column":11}},"16":{"start":{"line":34,"column":55},"end":{"line":38,"column":9}},"17":{"start":{"line":40,"column":31},"end":{"line":40,"column":67}},"18":{"start":{"line":42,"column":8},"end":{"line":45,"column":11}},"19":{"start":{"line":47,"column":8},"end":{"line":47,"column":57}},"20":{"start":{"line":48,"column":8},"end":{"line":48,"column":66}},"21":{"start":{"line":49,"column":8},"end":{"line":49,"column":117}},"22":{"start":{"line":52,"column":6},"end":{"line":52,"column":18}},"23":{"start":{"line":57,"column":4},"end":{"line":84,"column":5}},"24":{"start":{"line":58,"column":24},"end":{"line":58,"column":33}},"25":{"start":{"line":60,"column":6},"end":{"line":62,"column":7}},"26":{"start":{"line":61,"column":8},"end":{"line":61,"column":70}},"27":{"start":{"line":64,"column":28},"end":{"line":64,"column":71}},"28":{"start":{"line":65,"column":6},"end":{"line":67,"column":7}},"29":{"start":{"line":66,"column":8},"end":{"line":66,"column":115}},"30":{"start":{"line":69,"column":24},"end":{"line":72,"column":8}},"31":{"start":{"line":74,"column":6},"end":{"line":76,"column":7}},"32":{"start":{"line":75,"column":8},"end":{"line":75,"column":91}},"33":{"start":{"line":78,"column":6},"end":{"line":81,"column":9}},"34":{"start":{"line":83,"column":6},"end":{"line":83,"column":18}},"35":{"start":{"line":87,"column":6},"end":{"line":146,"column":7}},"36":{"start":{"line":88,"column":28},"end":{"line":88,"column":36}},"37":{"start":{"line":90,"column":10},"end":{"line":94,"column":11}},"38":{"start":{"line":91,"column":14},"end":{"line":93,"column":17}},"39":{"start":{"line":96,"column":27},"end":{"line":108,"column":12}},"40":{"start":{"line":110,"column":10},"end":{"line":110,"column":37}},"41":{"start":{"line":111,"column":10},"end":{"line":113,"column":11}},"42":{"start":{"line":112,"column":14},"end":{"line":112,"column":95}},"43":{"start":{"line":115,"column":30},"end":{"line":118,"column":21}},"44":{"start":{"line":121,"column":10},"end":{"line":127,"column":11}},"45":{"start":{"line":122,"column":14},"end":{"line":122,"column":47}},"46":{"start":{"line":124,"column":14},"end":{"line":124,"column":54}},"47":{"start":{"line":125,"column":14},"end":{"line":125,"column":60}},"48":{"start":{"line":126,"column":14},"end":{"line":126,"column":102}},"49":{"start":{"line":129,"column":38},"end":{"line":135,"column":13}},"50":{"start":{"line":129,"column":60},"end":{"line":135,"column":11}},"51":{"start":{"line":137,"column":34},"end":{"line":137,"column":81}},"52":{"start":{"line":139,"column":10},"end":{"line":142,"column":13}},"53":{"start":{"line":145,"column":10},"end":{"line":145,"column":22}},"54":{"start":{"line":150,"column":6},"end":{"line":175,"column":7}},"55":{"start":{"line":151,"column":28},"end":{"line":151,"column":37}},"56":{"start":{"line":153,"column":10},"end":{"line":157,"column":11}},"57":{"start":{"line":154,"column":14},"end":{"line":156,"column":17}},"58":{"start":{"line":159,"column":29},"end":{"line":163,"column":12}},"59":{"start":{"line":165,"column":10},"end":{"line":167,"column":11}},"60":{"start":{"line":166,"column":14},"end":{"line":166,"column":98}},"61":{"start":{"line":169,"column":10},"end":{"line":172,"column":13}},"62":{"start":{"line":174,"column":10},"end":{"line":174,"column":22}},"63":{"start":{"line":181,"column":0},"end":{"line":181,"column":28}}},"fnMap":{"0":{"name":"(anonymous_0)","decl":{"start":{"line":8,"column":2},"end":{"line":8,"column":3}},"loc":{"start":{"line":8,"column":47},"end":{"line":54,"column":3}},"line":8},"1":{"name":"(anonymous_1)","decl":{"start":{"line":34,"column":44},"end":{"line":34,"column":45}},"loc":{"start":{"line":34,"column":55},"end":{"line":38,"column":9}},"line":34},"2":{"name":"(anonymous_2)","decl":{"start":{"line":56,"column":2},"end":{"line":56,"column":3}},"loc":{"start":{"line":56,"column":51},"end":{"line":85,"column":3}},"line":56},"3":{"name":"(anonymous_3)","decl":{"start":{"line":86,"column":5},"end":{"line":86,"column":6}},"loc":{"start":{"line":86,"column":52},"end":{"line":147,"column":3}},"line":86},"4":{"name":"(anonymous_4)","decl":{"start":{"line":129,"column":49},"end":{"line":129,"column":50}},"loc":{"start":{"line":129,"column":60},"end":{"line":135,"column":11}},"line":129},"5":{"name":"(anonymous_5)","decl":{"start":{"line":149,"column":2},"end":{"line":149,"column":3}},"loc":{"start":{"line":149,"column":45},"end":{"line":176,"column":3}},"line":149}},"branchMap":{"0":{"loc":{"start":{"line":21,"column":6},"end":{"line":23,"column":7}},"type":"if","locations":[{"start":{"line":21,"column":6},"end":{"line":23,"column":7}},{"start":{},"end":{}}],"line":21},"1":{"loc":{"start":{"line":21,"column":10},"end":{"line":21,"column":61}},"type":"binary-expr","locations":[{"start":{"line":21,"column":10},"end":{"line":21,"column":24}},{"start":{"line":21,"column":28},"end":{"line":21,"column":61}}],"line":21},"2":{"loc":{"start":{"line":29,"column":36},"end":{"line":29,"column":134}},"type":"cond-expr","locations":[{"start":{"line":29,"column":80},"end":{"line":29,"column":112}},{"start":{"line":29,"column":115},"end":{"line":29,"column":134}}],"line":29},"3":{"loc":{"start":{"line":30,"column":37},"end":{"line":30,"column":129}},"type":"cond-expr","locations":[{"start":{"line":30,"column":75},"end":{"line":30,"column":107}},{"start":{"line":30,"column":110},"end":{"line":30,"column":129}}],"line":30},"4":{"loc":{"start":{"line":60,"column":6},"end":{"line":62,"column":7}},"type":"if","locations":[{"start":{"line":60,"column":6},"end":{"line":62,"column":7}},{"start":{},"end":{}}],"line":60},"5":{"loc":{"start":{"line":65,"column":6},"end":{"line":67,"column":7}},"type":"if","locations":[{"start":{"line":65,"column":6},"end":{"line":67,"column":7}},{"start":{},"end":{}}],"line":65},"6":{"loc":{"start":{"line":74,"column":6},"end":{"line":76,"column":7}},"type":"if","locations":[{"start":{"line":74,"column":6},"end":{"line":76,"column":7}},{"start":{},"end":{}}],"line":74},"7":{"loc":{"start":{"line":90,"column":10},"end":{"line":94,"column":11}},"type":"if","locations":[{"start":{"line":90,"column":10},"end":{"line":94,"column":11}},{"start":{},"end":{}}],"line":90},"8":{"loc":{"start":{"line":111,"column":10},"end":{"line":113,"column":11}},"type":"if","locations":[{"start":{"line":111,"column":10},"end":{"line":113,"column":11}},{"start":{},"end":{}}],"line":111},"9":{"loc":{"start":{"line":111,"column":14},"end":{"line":111,"column":65}},"type":"binary-expr","locations":[{"start":{"line":111,"column":14},"end":{"line":111,"column":28}},{"start":{"line":111,"column":32},"end":{"line":111,"column":65}}],"line":111},"10":{"loc":{"start":{"line":153,"column":10},"end":{"line":157,"column":11}},"type":"if","locations":[{"start":{"line":153,"column":10},"end":{"line":157,"column":11}},{"start":{},"end":{}}],"line":153},"11":{"loc":{"start":{"line":165,"column":10},"end":{"line":167,"column":11}},"type":"if","locations":[{"start":{"line":165,"column":10},"end":{"line":167,"column":11}},{"start":{},"end":{}}],"line":165}},"s":{"0":4,"1":4,"2":4,"3":4,"4":1,"5":1,"6":1,"7":0,"8":1,"9":1,"10":1,"11":1,"12":1,"13":1,"14":1,"15":1,"16":24,"17":1,"18":1,"19":0,"20":0,"21":0,"22":0,"23":0,"24":0,"25":0,"26":0,"27":0,"28":0,"29":0,"30":0,"31":0,"32":0,"33":0,"34":0,"35":0,"36":0,"37":0,"38":0,"39":0,"40":0,"41":0,"42":0,"43":0,"44":0,"45":0,"46":0,"47":0,"48":0,"49":0,"50":0,"51":0,"52":0,"53":0,"54":0,"55":0,"56":0,"57":0,"58":0,"59":0,"60":0,"61":0,"62":0,"63":4},"f":{"0":1,"1":24,"2":0,"3":0,"4":0,"5":0},"b":{"0":[0,1],"1":[1,1],"2":[1,0],"3":[1,0],"4":[0,0],"5":[0,0],"6":[0,0],"7":[0,0],"8":[0,0],"9":[0,0],"10":[0,0],"11":[0,0]},"_coverageSchema":"1a1c01bbd47fc00a2c39e90264f33305004495a9","hash":"1076df9d5e41207378b6d6f983176c2dc8061aa4"}
,"D:\\repositories\\@Hacktiv8\\final-project\\server\\helpers\\bcrypt.js": {"path":"D:\\repositories\\@Hacktiv8\\final-project\\server\\helpers\\bcrypt.js","statementMap":{"0":{"start":{"line":1,"column":15},"end":{"line":1,"column":34}},"1":{"start":{"line":4,"column":17},"end":{"line":4,"column":41}},"2":{"start":{"line":5,"column":17},"end":{"line":5,"column":55}},"3":{"start":{"line":6,"column":4},"end":{"line":6,"column":15}},"4":{"start":{"line":10,"column":20},"end":{"line":10,"column":71}},"5":{"start":{"line":11,"column":4},"end":{"line":11,"column":18}},"6":{"start":{"line":15,"column":0},"end":{"line":18,"column":1}}},"fnMap":{"0":{"name":"hashPassword","decl":{"start":{"line":3,"column":15},"end":{"line":3,"column":27}},"loc":{"start":{"line":3,"column":43},"end":{"line":7,"column":1}},"line":3},"1":{"name":"comparePassword","decl":{"start":{"line":9,"column":15},"end":{"line":9,"column":30}},"loc":{"start":{"line":9,"column":62},"end":{"line":12,"column":1}},"line":9}},"branchMap":{},"s":{"0":4,"1":4,"2":4,"3":4,"4":2,"5":2,"6":4},"f":{"0":4,"1":2},"b":{},"_coverageSchema":"1a1c01bbd47fc00a2c39e90264f33305004495a9","hash":"a91ab0a6f20a3e72974ddd4013535b9de4bb76ca"}
,"D:\\repositories\\@Hacktiv8\\final-project\\server\\helpers\\jwt.js": {"path":"D:\\repositories\\@Hacktiv8\\final-project\\server\\helpers\\jwt.js","statementMap":{"0":{"start":{"line":1,"column":12},"end":{"line":1,"column":35}},"1":{"start":{"line":3,"column":19},"end":{"line":3,"column":41}},"2":{"start":{"line":5,"column":18},"end":{"line":7,"column":1}},"3":{"start":{"line":6,"column":4},"end":{"line":6,"column":40}},"4":{"start":{"line":9,"column":20},"end":{"line":11,"column":1}},"5":{"start":{"line":10,"column":4},"end":{"line":10,"column":40}},"6":{"start":{"line":14,"column":0},"end":{"line":17,"column":1}}},"fnMap":{"0":{"name":"(anonymous_0)","decl":{"start":{"line":5,"column":18},"end":{"line":5,"column":19}},"loc":{"start":{"line":5,"column":31},"end":{"line":7,"column":1}},"line":5},"1":{"name":"(anonymous_1)","decl":{"start":{"line":9,"column":20},"end":{"line":9,"column":21}},"loc":{"start":{"line":9,"column":31},"end":{"line":11,"column":1}},"line":9}},"branchMap":{},"s":{"0":4,"1":4,"2":4,"3":3,"4":4,"5":2,"6":4},"f":{"0":3,"1":2},"b":{},"_coverageSchema":"1a1c01bbd47fc00a2c39e90264f33305004495a9","hash":"d8a14cf9d4c823fcfa54335c74cad8958fb22f10"}
,"D:\\repositories\\@Hacktiv8\\final-project\\server\\middleware\\authentication.js": {"path":"D:\\repositories\\@Hacktiv8\\final-project\\server\\middleware\\authentication.js","statementMap":{"0":{"start":{"line":1,"column":24},"end":{"line":1,"column":49}},"1":{"start":{"line":4,"column":26},"end":{"line":4,"column":51}},"2":{"start":{"line":6,"column":4},"end":{"line":11,"column":5}},"3":{"start":{"line":7,"column":8},"end":{"line":10,"column":9}},"4":{"start":{"line":14,"column":26},"end":{"line":14,"column":50}},"5":{"start":{"line":16,"column":4},"end":{"line":21,"column":5}},"6":{"start":{"line":17,"column":8},"end":{"line":20,"column":9}},"7":{"start":{"line":23,"column":20},"end":{"line":23,"column":48}},"8":{"start":{"line":24,"column":4},"end":{"line":24,"column":22}},"9":{"start":{"line":25,"column":4},"end":{"line":25,"column":10}},"10":{"start":{"line":28,"column":0},"end":{"line":28,"column":31}}},"fnMap":{"0":{"name":"authentication","decl":{"start":{"line":3,"column":9},"end":{"line":3,"column":23}},"loc":{"start":{"line":3,"column":40},"end":{"line":26,"column":1}},"line":3}},"branchMap":{"0":{"loc":{"start":{"line":6,"column":4},"end":{"line":11,"column":5}},"type":"if","locations":[{"start":{"line":6,"column":4},"end":{"line":11,"column":5}},{"start":{},"end":{}}],"line":6},"1":{"loc":{"start":{"line":16,"column":4},"end":{"line":21,"column":5}},"type":"if","locations":[{"start":{"line":16,"column":4},"end":{"line":21,"column":5}},{"start":{},"end":{}}],"line":16},"2":{"loc":{"start":{"line":16,"column":8},"end":{"line":16,"column":35}},"type":"binary-expr","locations":[{"start":{"line":16,"column":8},"end":{"line":16,"column":25}},{"start":{"line":16,"column":29},"end":{"line":16,"column":35}}],"line":16}},"s":{"0":4,"1":2,"2":2,"3":0,"4":2,"5":2,"6":0,"7":2,"8":2,"9":2,"10":4},"f":{"0":2},"b":{"0":[0,2],"1":[0,2],"2":[2,2]},"_coverageSchema":"1a1c01bbd47fc00a2c39e90264f33305004495a9","hash":"23a0ddeac0d2a9da3f36c353ac51d1a5e7aba57a"}
,"D:\\repositories\\@Hacktiv8\\final-project\\server\\middleware\\errorHandler.js": {"path":"D:\\repositories\\@Hacktiv8\\final-project\\server\\middleware\\errorHandler.js","statementMap":{"0":{"start":{"line":1,"column":0},"end":{"line":48,"column":2}},"1":{"start":{"line":4,"column":17},"end":{"line":4,"column":34}},"2":{"start":{"line":5,"column":18},"end":{"line":5,"column":56}},"3":{"start":{"line":7,"column":4},"end":{"line":42,"column":5}},"4":{"start":{"line":9,"column":12},"end":{"line":9,"column":25}},"5":{"start":{"line":10,"column":12},"end":{"line":10,"column":34}},"6":{"start":{"line":11,"column":12},"end":{"line":11,"column":18}},"7":{"start":{"line":13,"column":12},"end":{"line":13,"column":25}},"8":{"start":{"line":14,"column":12},"end":{"line":14,"column":40}},"9":{"start":{"line":15,"column":12},"end":{"line":15,"column":18}},"10":{"start":{"line":17,"column":12},"end":{"line":17,"column":25}},"11":{"start":{"line":18,"column":12},"end":{"line":18,"column":40}},"12":{"start":{"line":19,"column":12},"end":{"line":19,"column":18}},"13":{"start":{"line":21,"column":12},"end":{"line":21,"column":25}},"14":{"start":{"line":22,"column":12},"end":{"line":22,"column":51}},"15":{"start":{"line":23,"column":12},"end":{"line":23,"column":18}},"16":{"start":{"line":25,"column":12},"end":{"line":25,"column":25}},"17":{"start":{"line":26,"column":12},"end":{"line":26,"column":46}},"18":{"start":{"line":27,"column":12},"end":{"line":27,"column":18}},"19":{"start":{"line":29,"column":12},"end":{"line":29,"column":25}},"20":{"start":{"line":30,"column":12},"end":{"line":30,"column":44}},"21":{"start":{"line":31,"column":12},"end":{"line":31,"column":18}},"22":{"start":{"line":33,"column":12},"end":{"line":33,"column":25}},"23":{"start":{"line":34,"column":12},"end":{"line":34,"column":34}},"24":{"start":{"line":35,"column":12},"end":{"line":35,"column":18}},"25":{"start":{"line":37,"column":12},"end":{"line":37,"column":25}},"26":{"start":{"line":38,"column":12},"end":{"line":38,"column":38}},"27":{"start":{"line":39,"column":12},"end":{"line":39,"column":18}},"28":{"start":{"line":41,"column":12},"end":{"line":41,"column":18}},"29":{"start":{"line":44,"column":4},"end":{"line":47,"column":7}}},"fnMap":{"0":{"name":"(anonymous_0)","decl":{"start":{"line":1,"column":17},"end":{"line":1,"column":18}},"loc":{"start":{"line":1,"column":42},"end":{"line":48,"column":1}},"line":1}},"branchMap":{"0":{"loc":{"start":{"line":4,"column":17},"end":{"line":4,"column":34}},"type":"binary-expr","locations":[{"start":{"line":4,"column":17},"end":{"line":4,"column":27}},{"start":{"line":4,"column":31},"end":{"line":4,"column":34}}],"line":4},"1":{"loc":{"start":{"line":5,"column":18},"end":{"line":5,"column":56}},"type":"binary-expr","locations":[{"start":{"line":5,"column":18},"end":{"line":5,"column":29}},{"start":{"line":5,"column":33},"end":{"line":5,"column":56}}],"line":5},"2":{"loc":{"start":{"line":7,"column":4},"end":{"line":42,"column":5}},"type":"switch","locations":[{"start":{"line":8,"column":8},"end":{"line":11,"column":18}},{"start":{"line":12,"column":8},"end":{"line":15,"column":18}},{"start":{"line":16,"column":8},"end":{"line":19,"column":18}},{"start":{"line":20,"column":8},"end":{"line":23,"column":18}},{"start":{"line":24,"column":8},"end":{"line":27,"column":18}},{"start":{"line":28,"column":8},"end":{"line":31,"column":18}},{"start":{"line":32,"column":8},"end":{"line":35,"column":18}},{"start":{"line":36,"column":8},"end":{"line":39,"column":18}},{"start":{"line":40,"column":8},"end":{"line":41,"column":18}}],"line":7}},"s":{"0":4,"1":8,"2":8,"3":8,"4":2,"5":2,"6":2,"7":0,"8":0,"9":0,"10":0,"11":0,"12":0,"13":0,"14":0,"15":0,"16":0,"17":0,"18":0,"19":0,"20":0,"21":0,"22":6,"23":6,"24":6,"25":0,"26":0,"27":0,"28":0,"29":8},"f":{"0":8},"b":{"0":[8,8],"1":[8,0],"2":[2,0,0,0,0,0,6,0,0]},"_coverageSchema":"1a1c01bbd47fc00a2c39e90264f33305004495a9","hash":"62101d3979f7091ae62fde062691c3ba08168c21"}
,"D:\\repositories\\@Hacktiv8\\final-project\\server\\models\\challenge.js": {"path":"D:\\repositories\\@Hacktiv8\\final-project\\server\\models\\challenge.js","statementMap":{"0":{"start":{"line":4,"column":4},"end":{"line":4,"column":24}},"1":{"start":{"line":5,"column":0},"end":{"line":54,"column":2}},"2":{"start":{"line":16,"column":2},"end":{"line":52,"column":5}},"3":{"start":{"line":53,"column":2},"end":{"line":53,"column":19}}},"fnMap":{"0":{"name":"(anonymous_0)","decl":{"start":{"line":5,"column":17},"end":{"line":5,"column":18}},"loc":{"start":{"line":5,"column":43},"end":{"line":54,"column":1}},"line":5},"1":{"name":"(anonymous_1)","decl":{"start":{"line":12,"column":4},"end":{"line":12,"column":5}},"loc":{"start":{"line":12,"column":29},"end":{"line":14,"column":5}},"line":12}},"branchMap":{},"s":{"0":4,"1":4,"2":4,"3":4},"f":{"0":4,"1":4},"b":{},"_coverageSchema":"1a1c01bbd47fc00a2c39e90264f33305004495a9","hash":"03d41b38b280a69bca70fe2d08067a822893f45a"}
,"D:\\repositories\\@Hacktiv8\\final-project\\server\\models\\dailyquizmapping.js": {"path":"D:\\repositories\\@Hacktiv8\\final-project\\server\\models\\dailyquizmapping.js","statementMap":{"0":{"start":{"line":4,"column":4},"end":{"line":4,"column":24}},"1":{"start":{"line":5,"column":0},"end":{"line":43,"column":2}},"2":{"start":{"line":14,"column":6},"end":{"line":16,"column":9}},"3":{"start":{"line":17,"column":6},"end":{"line":19,"column":9}},"4":{"start":{"line":22,"column":2},"end":{"line":41,"column":5}},"5":{"start":{"line":42,"column":2},"end":{"line":42,"column":26}}},"fnMap":{"0":{"name":"(anonymous_0)","decl":{"start":{"line":5,"column":17},"end":{"line":5,"column":18}},"loc":{"start":{"line":5,"column":43},"end":{"line":43,"column":1}},"line":5},"1":{"name":"(anonymous_1)","decl":{"start":{"line":12,"column":4},"end":{"line":12,"column":5}},"loc":{"start":{"line":12,"column":29},"end":{"line":20,"column":5}},"line":12}},"branchMap":{},"s":{"0":4,"1":4,"2":4,"3":4,"4":4,"5":4},"f":{"0":4,"1":4},"b":{},"_coverageSchema":"1a1c01bbd47fc00a2c39e90264f33305004495a9","hash":"0593e39898dcc76ab7d7ecd40526f2549f77bf05"}
,"D:\\repositories\\@Hacktiv8\\final-project\\server\\models\\dailyquizsets.js": {"path":"D:\\repositories\\@Hacktiv8\\final-project\\server\\models\\dailyquizsets.js","statementMap":{"0":{"start":{"line":4,"column":4},"end":{"line":4,"column":24}},"1":{"start":{"line":5,"column":0},"end":{"line":38,"column":2}},"2":{"start":{"line":14,"column":6},"end":{"line":16,"column":9}},"3":{"start":{"line":17,"column":6},"end":{"line":19,"column":9}},"4":{"start":{"line":20,"column":6},"end":{"line":22,"column":9}},"5":{"start":{"line":25,"column":2},"end":{"line":36,"column":5}},"6":{"start":{"line":37,"column":2},"end":{"line":37,"column":23}}},"fnMap":{"0":{"name":"(anonymous_0)","decl":{"start":{"line":5,"column":17},"end":{"line":5,"column":18}},"loc":{"start":{"line":5,"column":43},"end":{"line":38,"column":1}},"line":5},"1":{"name":"(anonymous_1)","decl":{"start":{"line":12,"column":4},"end":{"line":12,"column":5}},"loc":{"start":{"line":12,"column":29},"end":{"line":23,"column":5}},"line":12}},"branchMap":{},"s":{"0":4,"1":4,"2":4,"3":4,"4":4,"5":4,"6":4},"f":{"0":4,"1":4},"b":{},"_coverageSchema":"1a1c01bbd47fc00a2c39e90264f33305004495a9","hash":"7b23d67ca87fe8410d6820e9cf804d92cffa5f82"}
,"D:\\repositories\\@Hacktiv8\\final-project\\server\\models\\feedback.js": {"path":"D:\\repositories\\@Hacktiv8\\final-project\\server\\models\\feedback.js","statementMap":{"0":{"start":{"line":2,"column":18},"end":{"line":2,"column":38}},"1":{"start":{"line":4,"column":0},"end":{"line":51,"column":2}},"2":{"start":{"line":7,"column":6},"end":{"line":7,"column":70}},"3":{"start":{"line":8,"column":6},"end":{"line":10,"column":9}},"4":{"start":{"line":11,"column":6},"end":{"line":11,"column":64}},"5":{"start":{"line":14,"column":2},"end":{"line":48,"column":4}},"6":{"start":{"line":50,"column":2},"end":{"line":50,"column":18}}},"fnMap":{"0":{"name":"(anonymous_0)","decl":{"start":{"line":4,"column":17},"end":{"line":4,"column":18}},"loc":{"start":{"line":4,"column":43},"end":{"line":51,"column":1}},"line":4},"1":{"name":"(anonymous_1)","decl":{"start":{"line":6,"column":4},"end":{"line":6,"column":5}},"loc":{"start":{"line":6,"column":29},"end":{"line":12,"column":5}},"line":6}},"branchMap":{},"s":{"0":4,"1":4,"2":4,"3":4,"4":4,"5":4,"6":4},"f":{"0":4,"1":4},"b":{},"_coverageSchema":"1a1c01bbd47fc00a2c39e90264f33305004495a9","hash":"b0fd89777ae64651c8d0294fcae38e048c7035f0"}
,"D:\\repositories\\@Hacktiv8\\final-project\\server\\models\\index.js": {"path":"D:\\repositories\\@Hacktiv8\\final-project\\server\\models\\index.js","statementMap":{"0":{"start":{"line":3,"column":11},"end":{"line":3,"column":24}},"1":{"start":{"line":4,"column":13},"end":{"line":4,"column":28}},"2":{"start":{"line":5,"column":18},"end":{"line":5,"column":38}},"3":{"start":{"line":6,"column":16},"end":{"line":6,"column":34}},"4":{"start":{"line":7,"column":17},"end":{"line":7,"column":42}},"5":{"start":{"line":8,"column":12},"end":{"line":8,"column":49}},"6":{"start":{"line":9,"column":15},"end":{"line":9,"column":65}},"7":{"start":{"line":10,"column":11},"end":{"line":10,"column":13}},"8":{"start":{"line":13,"column":0},"end":{"line":17,"column":1}},"9":{"start":{"line":14,"column":2},"end":{"line":14,"column":74}},"10":{"start":{"line":16,"column":2},"end":{"line":16,"column":87}},"11":{"start":{"line":19,"column":0},"end":{"line":32,"column":5}},"12":{"start":{"line":22,"column":4},"end":{"line":27,"column":6}},"13":{"start":{"line":30,"column":18},"end":{"line":30,"column":85}},"14":{"start":{"line":31,"column":4},"end":{"line":31,"column":27}},"15":{"start":{"line":34,"column":0},"end":{"line":38,"column":3}},"16":{"start":{"line":35,"column":2},"end":{"line":37,"column":3}},"17":{"start":{"line":36,"column":4},"end":{"line":36,"column":32}},"18":{"start":{"line":40,"column":0},"end":{"line":40,"column":25}},"19":{"start":{"line":41,"column":0},"end":{"line":41,"column":25}},"20":{"start":{"line":43,"column":0},"end":{"line":43,"column":20}}},"fnMap":{"0":{"name":"(anonymous_0)","decl":{"start":{"line":21,"column":10},"end":{"line":21,"column":11}},"loc":{"start":{"line":21,"column":18},"end":{"line":28,"column":3}},"line":21},"1":{"name":"(anonymous_1)","decl":{"start":{"line":29,"column":11},"end":{"line":29,"column":12}},"loc":{"start":{"line":29,"column":19},"end":{"line":32,"column":3}},"line":29},"2":{"name":"(anonymous_2)","decl":{"start":{"line":34,"column":24},"end":{"line":34,"column":25}},"loc":{"start":{"line":34,"column":37},"end":{"line":38,"column":1}},"line":34}},"branchMap":{"0":{"loc":{"start":{"line":8,"column":12},"end":{"line":8,"column":49}},"type":"binary-expr","locations":[{"start":{"line":8,"column":12},"end":{"line":8,"column":32}},{"start":{"line":8,"column":36},"end":{"line":8,"column":49}}],"line":8},"1":{"loc":{"start":{"line":13,"column":0},"end":{"line":17,"column":1}},"type":"if","locations":[{"start":{"line":13,"column":0},"end":{"line":17,"column":1}},{"start":{"line":15,"column":7},"end":{"line":17,"column":1}}],"line":13},"2":{"loc":{"start":{"line":23,"column":6},"end":{"line":26,"column":37}},"type":"binary-expr","locations":[{"start":{"line":23,"column":6},"end":{"line":23,"column":29}},{"start":{"line":24,"column":6},"end":{"line":24,"column":23}},{"start":{"line":25,"column":6},"end":{"line":25,"column":30}},{"start":{"line":26,"column":6},"end":{"line":26,"column":37}}],"line":23},"3":{"loc":{"start":{"line":35,"column":2},"end":{"line":37,"column":3}},"type":"if","locations":[{"start":{"line":35,"column":2},"end":{"line":37,"column":3}},{"start":{},"end":{}}],"line":35}},"s":{"0":4,"1":4,"2":4,"3":4,"4":4,"5":4,"6":4,"7":4,"8":4,"9":0,"10":4,"11":4,"12":48,"13":44,"14":44,"15":4,"16":44,"17":44,"18":4,"19":4,"20":4},"f":{"0":48,"1":44,"2":44},"b":{"0":[4,0],"1":[0,4],"2":[48,48,44,44],"3":[44,0]},"_coverageSchema":"1a1c01bbd47fc00a2c39e90264f33305004495a9","hash":"13079990f9679c396e72861e69c72543e20398c1"}
,"D:\\repositories\\@Hacktiv8\\final-project\\server\\models\\level.js": {"path":"D:\\repositories\\@Hacktiv8\\final-project\\server\\models\\level.js","statementMap":{"0":{"start":{"line":4,"column":4},"end":{"line":4,"column":24}},"1":{"start":{"line":5,"column":0},"end":{"line":34,"column":2}},"2":{"start":{"line":14,"column":6},"end":{"line":17,"column":9}},"3":{"start":{"line":18,"column":6},"end":{"line":20,"column":9}},"4":{"start":{"line":21,"column":6},"end":{"line":23,"column":9}},"5":{"start":{"line":26,"column":2},"end":{"line":32,"column":5}},"6":{"start":{"line":33,"column":2},"end":{"line":33,"column":15}}},"fnMap":{"0":{"name":"(anonymous_0)","decl":{"start":{"line":5,"column":17},"end":{"line":5,"column":18}},"loc":{"start":{"line":5,"column":43},"end":{"line":34,"column":1}},"line":5},"1":{"name":"(anonymous_1)","decl":{"start":{"line":12,"column":4},"end":{"line":12,"column":5}},"loc":{"start":{"line":12,"column":29},"end":{"line":24,"column":5}},"line":12}},"branchMap":{},"s":{"0":4,"1":4,"2":4,"3":4,"4":4,"5":4,"6":4},"f":{"0":4,"1":4},"b":{},"_coverageSchema":"1a1c01bbd47fc00a2c39e90264f33305004495a9","hash":"c3f618a383d96cbeb60fa8ba80eeafe182d93429"}
,"D:\\repositories\\@Hacktiv8\\final-project\\server\\models\\question.js": {"path":"D:\\repositories\\@Hacktiv8\\final-project\\server\\models\\question.js","statementMap":{"0":{"start":{"line":4,"column":4},"end":{"line":4,"column":24}},"1":{"start":{"line":5,"column":0},"end":{"line":37,"column":2}},"2":{"start":{"line":16,"column":2},"end":{"line":35,"column":5}},"3":{"start":{"line":36,"column":2},"end":{"line":36,"column":18}}},"fnMap":{"0":{"name":"(anonymous_0)","decl":{"start":{"line":5,"column":17},"end":{"line":5,"column":18}},"loc":{"start":{"line":5,"column":43},"end":{"line":37,"column":1}},"line":5},"1":{"name":"(anonymous_1)","decl":{"start":{"line":12,"column":4},"end":{"line":12,"column":5}},"loc":{"start":{"line":12,"column":29},"end":{"line":14,"column":5}},"line":12}},"branchMap":{},"s":{"0":4,"1":4,"2":4,"3":4},"f":{"0":4,"1":4},"b":{},"_coverageSchema":"1a1c01bbd47fc00a2c39e90264f33305004495a9","hash":"384967658a85c07beb64f7ea535a586d8df691f1"}
,"D:\\repositories\\@Hacktiv8\\final-project\\server\\models\\quiz.js": {"path":"D:\\repositories\\@Hacktiv8\\final-project\\server\\models\\quiz.js","statementMap":{"0":{"start":{"line":4,"column":4},"end":{"line":4,"column":24}},"1":{"start":{"line":5,"column":0},"end":{"line":52,"column":2}},"2":{"start":{"line":14,"column":6},"end":{"line":16,"column":9}},"3":{"start":{"line":17,"column":6},"end":{"line":19,"column":9}},"4":{"start":{"line":20,"column":6},"end":{"line":22,"column":9}},"5":{"start":{"line":23,"column":6},"end":{"line":25,"column":9}},"6":{"start":{"line":29,"column":2},"end":{"line":50,"column":5}},"7":{"start":{"line":51,"column":2},"end":{"line":51,"column":14}}},"fnMap":{"0":{"name":"(anonymous_0)","decl":{"start":{"line":5,"column":17},"end":{"line":5,"column":18}},"loc":{"start":{"line":5,"column":43},"end":{"line":52,"column":1}},"line":5},"1":{"name":"(anonymous_1)","decl":{"start":{"line":12,"column":4},"end":{"line":12,"column":5}},"loc":{"start":{"line":12,"column":29},"end":{"line":27,"column":5}},"line":12}},"branchMap":{},"s":{"0":4,"1":4,"2":4,"3":4,"4":4,"5":4,"6":4,"7":4},"f":{"0":4,"1":4},"b":{},"_coverageSchema":"1a1c01bbd47fc00a2c39e90264f33305004495a9","hash":"c7fc454d17d0ef92156f9527e5a2007ef192cf8f"}
,"D:\\repositories\\@Hacktiv8\\final-project\\server\\models\\quizcategory.js": {"path":"D:\\repositories\\@Hacktiv8\\final-project\\server\\models\\quizcategory.js","statementMap":{"0":{"start":{"line":4,"column":4},"end":{"line":4,"column":24}},"1":{"start":{"line":5,"column":0},"end":{"line":27,"column":2}},"2":{"start":{"line":14,"column":6},"end":{"line":16,"column":9}},"3":{"start":{"line":19,"column":2},"end":{"line":25,"column":5}},"4":{"start":{"line":26,"column":2},"end":{"line":26,"column":22}}},"fnMap":{"0":{"name":"(anonymous_0)","decl":{"start":{"line":5,"column":17},"end":{"line":5,"column":18}},"loc":{"start":{"line":5,"column":43},"end":{"line":27,"column":1}},"line":5},"1":{"name":"(anonymous_1)","decl":{"start":{"line":12,"column":4},"end":{"line":12,"column":5}},"loc":{"start":{"line":12,"column":29},"end":{"line":17,"column":5}},"line":12}},"branchMap":{},"s":{"0":4,"1":4,"2":4,"3":4,"4":4},"f":{"0":4,"1":4},"b":{},"_coverageSchema":"1a1c01bbd47fc00a2c39e90264f33305004495a9","hash":"899ed5396e683ca58fd7d17ad20e94e6d4f6509f"}
,"D:\\repositories\\@Hacktiv8\\final-project\\server\\models\\user.js": {"path":"D:\\repositories\\@Hacktiv8\\final-project\\server\\models\\user.js","statementMap":{"0":{"start":{"line":4,"column":4},"end":{"line":4,"column":24}},"1":{"start":{"line":5,"column":25},"end":{"line":5,"column":53}},"2":{"start":{"line":6,"column":0},"end":{"line":101,"column":2}},"3":{"start":{"line":15,"column":6},"end":{"line":18,"column":9}},"4":{"start":{"line":19,"column":6},"end":{"line":21,"column":9}},"5":{"start":{"line":22,"column":6},"end":{"line":24,"column":9}},"6":{"start":{"line":27,"column":2},"end":{"line":99,"column":5}},"7":{"start":{"line":100,"column":2},"end":{"line":100,"column":14}}},"fnMap":{"0":{"name":"(anonymous_0)","decl":{"start":{"line":6,"column":17},"end":{"line":6,"column":18}},"loc":{"start":{"line":6,"column":43},"end":{"line":101,"column":1}},"line":6},"1":{"name":"(anonymous_1)","decl":{"start":{"line":13,"column":4},"end":{"line":13,"column":5}},"loc":{"start":{"line":13,"column":29},"end":{"line":25,"column":5}},"line":13}},"branchMap":{},"s":{"0":4,"1":4,"2":4,"3":4,"4":4,"5":4,"6":4,"7":4},"f":{"0":4,"1":4},"b":{},"_coverageSchema":"1a1c01bbd47fc00a2c39e90264f33305004495a9","hash":"19996c7350ff62ce6f736ffc588d7d7d371412e3"}
,"D:\\repositories\\@Hacktiv8\\final-project\\server\\models\\userdailyquizresult.js": {"path":"D:\\repositories\\@Hacktiv8\\final-project\\server\\models\\userdailyquizresult.js","statementMap":{"0":{"start":{"line":4,"column":4},"end":{"line":4,"column":24}},"1":{"start":{"line":5,"column":0},"end":{"line":35,"column":2}},"2":{"start":{"line":14,"column":6},"end":{"line":16,"column":9}},"3":{"start":{"line":17,"column":6},"end":{"line":19,"column":9}},"4":{"start":{"line":20,"column":6},"end":{"line":22,"column":9}},"5":{"start":{"line":25,"column":2},"end":{"line":33,"column":5}},"6":{"start":{"line":34,"column":2},"end":{"line":34,"column":29}}},"fnMap":{"0":{"name":"(anonymous_0)","decl":{"start":{"line":5,"column":17},"end":{"line":5,"column":18}},"loc":{"start":{"line":5,"column":43},"end":{"line":35,"column":1}},"line":5},"1":{"name":"(anonymous_1)","decl":{"start":{"line":12,"column":4},"end":{"line":12,"column":5}},"loc":{"start":{"line":12,"column":29},"end":{"line":23,"column":5}},"line":12}},"branchMap":{},"s":{"0":4,"1":4,"2":4,"3":4,"4":4,"5":4,"6":4},"f":{"0":4,"1":4},"b":{},"_coverageSchema":"1a1c01bbd47fc00a2c39e90264f33305004495a9","hash":"645050c37504d2c39a3a835cf60c0d6c68d1630e"}
,"D:\\repositories\\@Hacktiv8\\final-project\\server\\models\\userquiz.js": {"path":"D:\\repositories\\@Hacktiv8\\final-project\\server\\models\\userquiz.js","statementMap":{"0":{"start":{"line":4,"column":4},"end":{"line":4,"column":24}},"1":{"start":{"line":5,"column":0},"end":{"line":54,"column":2}},"2":{"start":{"line":25,"column":2},"end":{"line":52,"column":5}},"3":{"start":{"line":53,"column":2},"end":{"line":53,"column":18}}},"fnMap":{"0":{"name":"(anonymous_0)","decl":{"start":{"line":5,"column":17},"end":{"line":5,"column":18}},"loc":{"start":{"line":5,"column":43},"end":{"line":54,"column":1}},"line":5},"1":{"name":"(anonymous_1)","decl":{"start":{"line":12,"column":4},"end":{"line":12,"column":5}},"loc":{"start":{"line":12,"column":29},"end":{"line":23,"column":5}},"line":12}},"branchMap":{},"s":{"0":4,"1":4,"2":4,"3":4},"f":{"0":4,"1":4},"b":{},"_coverageSchema":"1a1c01bbd47fc00a2c39e90264f33305004495a9","hash":"30ae540527862a43599ab3d0f99e828974f38ad6"}
,"D:\\repositories\\@Hacktiv8\\final-project\\server\\routers\\index.js": {"path":"D:\\repositories\\@Hacktiv8\\final-project\\server\\routers\\index.js","statementMap":{"0":{"start":{"line":1,"column":16},"end":{"line":1,"column":34}},"1":{"start":{"line":2,"column":15},"end":{"line":2,"column":31}},"2":{"start":{"line":3,"column":19},"end":{"line":3,"column":55}},"3":{"start":{"line":4,"column":23},"end":{"line":4,"column":63}},"4":{"start":{"line":5,"column":23},"end":{"line":5,"column":62}},"5":{"start":{"line":6,"column":27},"end":{"line":6,"column":71}},"6":{"start":{"line":8,"column":0},"end":{"line":10,"column":3}},"7":{"start":{"line":9,"column":4},"end":{"line":9,"column":28}},"8":{"start":{"line":12,"column":0},"end":{"line":12,"column":44}},"9":{"start":{"line":13,"column":0},"end":{"line":13,"column":50}},"10":{"start":{"line":16,"column":0},"end":{"line":16,"column":69}},"11":{"start":{"line":17,"column":0},"end":{"line":17,"column":71}},"12":{"start":{"line":20,"column":0},"end":{"line":20,"column":72}},"13":{"start":{"line":21,"column":0},"end":{"line":21,"column":67}},"14":{"start":{"line":23,"column":0},"end":{"line":23,"column":66}},"15":{"start":{"line":24,"column":0},"end":{"line":28,"column":2}},"16":{"start":{"line":29,"column":0},"end":{"line":29,"column":72}},"17":{"start":{"line":30,"column":0},"end":{"line":30,"column":80}},"18":{"start":{"line":31,"column":0},"end":{"line":33,"column":2}}},"fnMap":{"0":{"name":"(anonymous_0)","decl":{"start":{"line":8,"column":16},"end":{"line":8,"column":17}},"loc":{"start":{"line":8,"column":30},"end":{"line":10,"column":1}},"line":8}},"branchMap":{},"s":{"0":4,"1":4,"2":4,"3":4,"4":4,"5":4,"6":4,"7":0,"8":4,"9":4,"10":4,"11":4,"12":4,"13":4,"14":4,"15":4,"16":4,"17":4,"18":4},"f":{"0":0},"b":{},"_coverageSchema":"1a1c01bbd47fc00a2c39e90264f33305004495a9","hash":"02bee8be922b3943b4862d1679ade01d3af9a3ca"}
}
